
Showing logs for build [32mcraft-de-jet-environment-pegasu-8bjmd-1[0m stage [32mfrom-build-pack[0m and container [32mstep-credential-initializer-wtshs[0m
{"level":"info","ts":1591120731.7938616,"logger":"fallback-logger","caller":"logging/config.go:69","msg":"Fetch GitHub commit ID from kodata failed: open /var/run/ko/refs/heads/0.8.0-ns-support: no such file or directory"}
{"level":"info","ts":1591120731.8012192,"logger":"fallback-logger","caller":"creds-init/main.go:40","msg":"Credentials initialized."}

Showing logs for build [32mcraft-de-jet-environment-pegasu-8bjmd-1[0m stage [32mfrom-build-pack[0m and container [32mstep-working-dir-initializer-5mpmw[0m
{"level":"info","ts":1591120732.4329479,"logger":"fallback-logger","caller":"logging/config.go:69","msg":"Fetch GitHub commit ID from kodata failed: open /var/run/ko/HEAD: no such file or directory"}
{"level":"info","ts":1591120732.4347699,"logger":"fallback-logger","caller":"bash/main.go:64","msg":"Successfully executed command \"sh -c mkdir -p /workspace/source\"; output "}

Showing logs for build [32mcraft-de-jet-environment-pegasu-8bjmd-1[0m stage [32mfrom-build-pack[0m and container [32mstep-place-tools[0m

Showing logs for build [32mcraft-de-jet-environment-pegasu-8bjmd-1[0m stage [32mfrom-build-pack[0m and container [32mstep-git-source-craft-de-jet-environment-pegasu-8bjmd-kpzmr[0m
{"level":"info","ts":1591120735.6376371,"logger":"fallback-logger","caller":"logging/config.go:69","msg":"Fetch GitHub commit ID from kodata failed: open /var/run/ko/refs/heads/0.8.0-ns-support: no such file or directory"}
{"level":"info","ts":1591120738.160411,"logger":"fallback-logger","caller":"git/git.go:103","msg":"Successfully cloned https://github.com/************/environment-pegasus-staging.git @ master in path /workspace/source"}

Showing logs for build [32mcraft-de-jet-environment-pegasu-8bjmd-1[0m stage [32mfrom-build-pack[0m and container [32mstep-git-merge[0m
Using SHAs from PULL_REFS=master:5a167a9073415dbba58c08d332571188b643ff7f,4:1e831b5119c4cf1dcf02efe7ea49261d9ca4a88a
DEBUG: LC_ALL=C JX_LOG_LEVEL=error git fetch origin --unshallow 1e831b5119c4cf1dcf02efe7ea49261d9ca4a88a: 5a167a9073415dbba58c08d332571188b643ff7f:
DEBUG: ran git fetch --unshallow origin 1e831b5119c4cf1dcf02efe7ea49261d9ca4a88a: 5a167a9073415dbba58c08d332571188b643ff7f: in 
DEBUG: LC_ALL=C JX_LOG_LEVEL=error git branch
DEBUG: LC_ALL=C JX_LOG_LEVEL=error git checkout master
DEBUG: ran git checkout master in 
DEBUG: LC_ALL=C JX_LOG_LEVEL=error git reset --hard 5a167a9073415dbba58c08d332571188b643ff7f
DEBUG: ran git reset --hard 5a167a9073415dbba58c08d332571188b643ff7f in 
DEBUG: LC_ALL=C JX_LOG_LEVEL=error git clean -fd .
DEBUG: ran clean --force -d . in 
DEBUG: LC_ALL=C JX_LOG_LEVEL=error git merge 1e831b5119c4cf1dcf02efe7ea49261d9ca4a88a
DEBUG: ran git merge 1e831b5119c4cf1dcf02efe7ea49261d9ca4a88a in 
DEBUG: LC_ALL=C JX_LOG_LEVEL=error git log --format=%H%x1f%an%x1f%ae%x1f%cn%x1f%ce%x1f%s%n%b%x1e 5a167a9073415dbba58c08d332571188b643ff7f..HEAD
Merged SHA 1e831b5119c4cf1dcf02efe7ea49261d9ca4a88a with commit message 'chore: Promote dashboard-ui to version 0.0.2' into base branch master

Showing logs for build [32mcraft-de-jet-environment-pegasu-8bjmd-1[0m stage [32mfrom-build-pack[0m and container [32mstep-build-helm-build[0m
WARNING: No $CHART_REPOSITORY defined so using the default value of: http://jenkins-x-chartmuseum:8080
Adding missing Helm repo: storage.googleapis.com https://storage.googleapis.com/chartmuseum.jenkins-x.io
Successfully added Helm repository storage.googleapis.com.
Adding missing Helm repo: jenkins-x-chartmuseum http://jenkins-x-chartmuseum:8080
Successfully added Helm repository jenkins-x-chartmuseum.
WARNING: No $CHART_REPOSITORY defined so using the default value of: http://jenkins-x-chartmuseum:8080
Adding missing Helm repo: chartmuseum.jenkins-x.io http://chartmuseum.jenkins-x.io
Successfully added Helm repository chartmuseum.jenkins-x.io.
