
Showing logs for build [32mcraft-de-jet-environment-pegasu-hhq26-1[0m stage [32mfrom-build-pack[0m and container [32mstep-credential-initializer-dg4qf[0m
{"level":"info","ts":1591122061.2340298,"logger":"fallback-logger","caller":"logging/config.go:69","msg":"Fetch GitHub commit ID from kodata failed: open /var/run/ko/refs/heads/0.8.0-ns-support: no such file or directory"}
{"level":"info","ts":1591122061.234401,"logger":"fallback-logger","caller":"creds-init/main.go:40","msg":"Credentials initialized."}

Showing logs for build [32mcraft-de-jet-environment-pegasu-hhq26-1[0m stage [32mfrom-build-pack[0m and container [32mstep-working-dir-initializer-blwcg[0m
{"level":"info","ts":1591122062.1086776,"logger":"fallback-logger","caller":"logging/config.go:69","msg":"Fetch GitHub commit ID from kodata failed: open /var/run/ko/HEAD: no such file or directory"}
{"level":"info","ts":1591122062.1096191,"logger":"fallback-logger","caller":"bash/main.go:64","msg":"Successfully executed command \"sh -c mkdir -p /workspace/source\"; output "}

Showing logs for build [32mcraft-de-jet-environment-pegasu-hhq26-1[0m stage [32mfrom-build-pack[0m and container [32mstep-place-tools[0m

Showing logs for build [32mcraft-de-jet-environment-pegasu-hhq26-1[0m stage [32mfrom-build-pack[0m and container [32mstep-git-source-craft-de-jet-environment-pegasu-hhq26-58v8j[0m
{"level":"info","ts":1591122068.3152428,"logger":"fallback-logger","caller":"logging/config.go:69","msg":"Fetch GitHub commit ID from kodata failed: open /var/run/ko/refs/heads/0.8.0-ns-support: no such file or directory"}
{"level":"info","ts":1591122070.4956074,"logger":"fallback-logger","caller":"git/git.go:103","msg":"Successfully cloned https://github.com/************/environment-pegasus-staging.git @ master in path /workspace/source"}

Showing logs for build [32mcraft-de-jet-environment-pegasu-hhq26-1[0m stage [32mfrom-build-pack[0m and container [32mstep-git-merge[0m
Using SHAs from PULL_REFS=master:2b153a40cb0f6a757bc854df1b55b1fa4dba0e28,5:6cda27842ece8d608bdbb87e49a0a919b16f865b
DEBUG: LC_ALL=C JX_LOG_LEVEL=error git fetch origin --unshallow 6cda27842ece8d608bdbb87e49a0a919b16f865b: 2b153a40cb0f6a757bc854df1b55b1fa4dba0e28:
DEBUG: ran git fetch --unshallow origin 6cda27842ece8d608bdbb87e49a0a919b16f865b: 2b153a40cb0f6a757bc854df1b55b1fa4dba0e28: in 
DEBUG: LC_ALL=C JX_LOG_LEVEL=error git branch
DEBUG: LC_ALL=C JX_LOG_LEVEL=error git checkout master
DEBUG: ran git checkout master in 
DEBUG: LC_ALL=C JX_LOG_LEVEL=error git reset --hard 2b153a40cb0f6a757bc854df1b55b1fa4dba0e28
DEBUG: ran git reset --hard 2b153a40cb0f6a757bc854df1b55b1fa4dba0e28 in 
DEBUG: LC_ALL=C JX_LOG_LEVEL=error git clean -fd .
DEBUG: ran clean --force -d . in 
DEBUG: LC_ALL=C JX_LOG_LEVEL=error git merge 6cda27842ece8d608bdbb87e49a0a919b16f865b
DEBUG: ran git merge 6cda27842ece8d608bdbb87e49a0a919b16f865b in 
DEBUG: LC_ALL=C JX_LOG_LEVEL=error git log --format=%H%x1f%an%x1f%ae%x1f%cn%x1f%ce%x1f%s%n%b%x1e 2b153a40cb0f6a757bc854df1b55b1fa4dba0e28..HEAD
Merged SHA 6cda27842ece8d608bdbb87e49a0a919b16f865b with commit message 'chore: Promote dashboard-ui to version 0.0.1' into base branch master

Showing logs for build [32mcraft-de-jet-environment-pegasu-hhq26-1[0m stage [32mfrom-build-pack[0m and container [32mstep-build-helm-build[0m
WARNING: No $CHART_REPOSITORY defined so using the default value of: http://jenkins-x-chartmuseum:8080
Adding missing Helm repo: storage.googleapis.com https://storage.googleapis.com/chartmuseum.jenkins-x.io
Successfully added Helm repository storage.googleapis.com.
Adding missing Helm repo: jenkins-x-chartmuseum http://jenkins-x-chartmuseum:8080
Successfully added Helm repository jenkins-x-chartmuseum.
WARNING: No $CHART_REPOSITORY defined so using the default value of: http://jenkins-x-chartmuseum:8080
Adding missing Helm repo: chartmuseum.jenkins-x.io http://chartmuseum.jenkins-x.io
Successfully added Helm repository chartmuseum.jenkins-x.io.
